[2.900s] Invoking command in '/home/projects/ros2_ws/src/ucsd_robocar_hub2/ucsd_robocar_sensor2_pkg': PYTHONPATH=/home/projects/ros2_ws/src/ucsd_robocar_hub2/install/ucsd_robocar_sensor2_pkg/lib/python3.8/site-packages:${PYTHONPATH} /usr/bin/python3 setup.py egg_info --egg-base ../build/ucsd_robocar_sensor2_pkg build --build-base /home/projects/ros2_ws/src/ucsd_robocar_hub2/build/ucsd_robocar_sensor2_pkg/build install --prefix /home/projects/ros2_ws/src/ucsd_robocar_hub2/install/ucsd_robocar_sensor2_pkg --record /home/projects/ros2_ws/src/ucsd_robocar_hub2/build/ucsd_robocar_sensor2_pkg/install.log --single-version-externally-managed
[3.448s] running egg_info
[3.450s] creating ../build/ucsd_robocar_sensor2_pkg/ucsd_robocar_sensor2_pkg.egg-info
[3.451s] writing ../build/ucsd_robocar_sensor2_pkg/ucsd_robocar_sensor2_pkg.egg-info/PKG-INFO
[3.451s] writing dependency_links to ../build/ucsd_robocar_sensor2_pkg/ucsd_robocar_sensor2_pkg.egg-info/dependency_links.txt
[3.452s] writing entry points to ../build/ucsd_robocar_sensor2_pkg/ucsd_robocar_sensor2_pkg.egg-info/entry_points.txt
[3.452s] writing requirements to ../build/ucsd_robocar_sensor2_pkg/ucsd_robocar_sensor2_pkg.egg-info/requires.txt
[3.452s] writing top-level names to ../build/ucsd_robocar_sensor2_pkg/ucsd_robocar_sensor2_pkg.egg-info/top_level.txt
[3.460s] writing manifest file '../build/ucsd_robocar_sensor2_pkg/ucsd_robocar_sensor2_pkg.egg-info/SOURCES.txt'
[3.556s] reading manifest file '../build/ucsd_robocar_sensor2_pkg/ucsd_robocar_sensor2_pkg.egg-info/SOURCES.txt'
[3.558s] writing manifest file '../build/ucsd_robocar_sensor2_pkg/ucsd_robocar_sensor2_pkg.egg-info/SOURCES.txt'
[3.559s] running build
[3.559s] running build_py
[3.560s] creating /home/projects/ros2_ws/src/ucsd_robocar_hub2/build/ucsd_robocar_sensor2_pkg/build
[3.560s] creating /home/projects/ros2_ws/src/ucsd_robocar_hub2/build/ucsd_robocar_sensor2_pkg/build/lib
[3.560s] creating /home/projects/ros2_ws/src/ucsd_robocar_hub2/build/ucsd_robocar_sensor2_pkg/build/lib/ucsd_robocar_sensor2_pkg
[3.561s] copying ucsd_robocar_sensor2_pkg/__init__.py -> /home/projects/ros2_ws/src/ucsd_robocar_hub2/build/ucsd_robocar_sensor2_pkg/build/lib/ucsd_robocar_sensor2_pkg
[3.561s] copying ucsd_robocar_sensor2_pkg/webcam_node.py -> /home/projects/ros2_ws/src/ucsd_robocar_hub2/build/ucsd_robocar_sensor2_pkg/build/lib/ucsd_robocar_sensor2_pkg
[3.561s] running install
[3.562s] running install_lib
[3.564s] creating /home/projects/ros2_ws/src/ucsd_robocar_hub2/install/ucsd_robocar_sensor2_pkg/lib/python3.8/site-packages/ucsd_robocar_sensor2_pkg
[3.564s] copying /home/projects/ros2_ws/src/ucsd_robocar_hub2/build/ucsd_robocar_sensor2_pkg/build/lib/ucsd_robocar_sensor2_pkg/__init__.py -> /home/projects/ros2_ws/src/ucsd_robocar_hub2/install/ucsd_robocar_sensor2_pkg/lib/python3.8/site-packages/ucsd_robocar_sensor2_pkg
[3.564s] copying /home/projects/ros2_ws/src/ucsd_robocar_hub2/build/ucsd_robocar_sensor2_pkg/build/lib/ucsd_robocar_sensor2_pkg/webcam_node.py -> /home/projects/ros2_ws/src/ucsd_robocar_hub2/install/ucsd_robocar_sensor2_pkg/lib/python3.8/site-packages/ucsd_robocar_sensor2_pkg
[3.565s] byte-compiling /home/projects/ros2_ws/src/ucsd_robocar_hub2/install/ucsd_robocar_sensor2_pkg/lib/python3.8/site-packages/ucsd_robocar_sensor2_pkg/__init__.py to __init__.cpython-38.pyc
[3.567s] byte-compiling /home/projects/ros2_ws/src/ucsd_robocar_hub2/install/ucsd_robocar_sensor2_pkg/lib/python3.8/site-packages/ucsd_robocar_sensor2_pkg/webcam_node.py to webcam_node.cpython-38.pyc
[3.569s] running install_data
[3.570s] creating /home/projects/ros2_ws/src/ucsd_robocar_hub2/install/ucsd_robocar_sensor2_pkg/share/ament_index
[3.570s] creating /home/projects/ros2_ws/src/ucsd_robocar_hub2/install/ucsd_robocar_sensor2_pkg/share/ament_index/resource_index
[3.571s] creating /home/projects/ros2_ws/src/ucsd_robocar_hub2/install/ucsd_robocar_sensor2_pkg/share/ament_index/resource_index/packages
[3.571s] copying resource/ucsd_robocar_sensor2_pkg -> /home/projects/ros2_ws/src/ucsd_robocar_hub2/install/ucsd_robocar_sensor2_pkg/share/ament_index/resource_index/packages
[3.572s] copying package.xml -> /home/projects/ros2_ws/src/ucsd_robocar_hub2/install/ucsd_robocar_sensor2_pkg/share/ucsd_robocar_sensor2_pkg
[3.572s] copying launch/lidar_bpearl.launch.py -> /home/projects/ros2_ws/src/ucsd_robocar_hub2/install/ucsd_robocar_sensor2_pkg/share/ucsd_robocar_sensor2_pkg
[3.572s] copying launch/lidar_rp.launch.py -> /home/projects/ros2_ws/src/ucsd_robocar_hub2/install/ucsd_robocar_sensor2_pkg/share/ucsd_robocar_sensor2_pkg
[3.573s] copying launch/lidar_sicktim.launch.py -> /home/projects/ros2_ws/src/ucsd_robocar_hub2/install/ucsd_robocar_sensor2_pkg/share/ucsd_robocar_sensor2_pkg
[3.573s] copying launch/lidar_livox.launch.py -> /home/projects/ros2_ws/src/ucsd_robocar_hub2/install/ucsd_robocar_sensor2_pkg/share/ucsd_robocar_sensor2_pkg
[3.574s] copying launch/camera_webcam.launch.py -> /home/projects/ros2_ws/src/ucsd_robocar_hub2/install/ucsd_robocar_sensor2_pkg/share/ucsd_robocar_sensor2_pkg
[3.574s] copying launch/imu_artemis.launch.py -> /home/projects/ros2_ws/src/ucsd_robocar_hub2/install/ucsd_robocar_sensor2_pkg/share/ucsd_robocar_sensor2_pkg
[3.574s] copying launch/camera_intel455.launch.py -> /home/projects/ros2_ws/src/ucsd_robocar_hub2/install/ucsd_robocar_sensor2_pkg/share/ucsd_robocar_sensor2_pkg
[3.575s] copying launch/lidar_ld06.launch.py -> /home/projects/ros2_ws/src/ucsd_robocar_hub2/install/ucsd_robocar_sensor2_pkg/share/ucsd_robocar_sensor2_pkg
[3.575s] creating /home/projects/ros2_ws/src/ucsd_robocar_hub2/install/ucsd_robocar_sensor2_pkg/share/ucsd_robocar_sensor2_pkg/config
[3.575s] copying config/my_razor.yaml -> /home/projects/ros2_ws/src/ucsd_robocar_hub2/install/ucsd_robocar_sensor2_pkg/share/ucsd_robocar_sensor2_pkg/config
[3.576s] copying config/ld06.yaml -> /home/projects/ros2_ws/src/ucsd_robocar_hub2/install/ucsd_robocar_sensor2_pkg/share/ucsd_robocar_sensor2_pkg/config
[3.576s] copying config/rp_lidar.yaml -> /home/projects/ros2_ws/src/ucsd_robocar_hub2/install/ucsd_robocar_sensor2_pkg/share/ucsd_robocar_sensor2_pkg/config
[3.576s] copying config/sick_tim_5xx.yaml -> /home/projects/ros2_ws/src/ucsd_robocar_hub2/install/ucsd_robocar_sensor2_pkg/share/ucsd_robocar_sensor2_pkg/config
[3.576s] running install_egg_info
[3.579s] Copying ../build/ucsd_robocar_sensor2_pkg/ucsd_robocar_sensor2_pkg.egg-info to /home/projects/ros2_ws/src/ucsd_robocar_hub2/install/ucsd_robocar_sensor2_pkg/lib/python3.8/site-packages/ucsd_robocar_sensor2_pkg-0.0.0-py3.8.egg-info
[3.582s] running install_scripts
[3.639s] Installing webcam_node script to /home/projects/ros2_ws/src/ucsd_robocar_hub2/install/ucsd_robocar_sensor2_pkg/lib/ucsd_robocar_sensor2_pkg
[3.640s] writing list of installed files to '/home/projects/ros2_ws/src/ucsd_robocar_hub2/build/ucsd_robocar_sensor2_pkg/install.log'
[3.785s] Invoked command in '/home/projects/ros2_ws/src/ucsd_robocar_hub2/ucsd_robocar_sensor2_pkg' returned '0': PYTHONPATH=/home/projects/ros2_ws/src/ucsd_robocar_hub2/install/ucsd_robocar_sensor2_pkg/lib/python3.8/site-packages:${PYTHONPATH} /usr/bin/python3 setup.py egg_info --egg-base ../build/ucsd_robocar_sensor2_pkg build --build-base /home/projects/ros2_ws/src/ucsd_robocar_hub2/build/ucsd_robocar_sensor2_pkg/build install --prefix /home/projects/ros2_ws/src/ucsd_robocar_hub2/install/ucsd_robocar_sensor2_pkg --record /home/projects/ros2_ws/src/ucsd_robocar_hub2/build/ucsd_robocar_sensor2_pkg/install.log --single-version-externally-managed
