[2.914s] Invoking command in '/home/projects/ros2_ws/src/ucsd_robocar_hub2/ucsd_robocar_path2_pkg': PYTHONPATH=/home/projects/ros2_ws/src/ucsd_robocar_hub2/install/ucsd_robocar_path2_pkg/lib/python3.8/site-packages:${PYTHONPATH} /usr/bin/python3 setup.py egg_info --egg-base ../build/ucsd_robocar_path2_pkg build --build-base /home/projects/ros2_ws/src/ucsd_robocar_hub2/build/ucsd_robocar_path2_pkg/build install --prefix /home/projects/ros2_ws/src/ucsd_robocar_hub2/install/ucsd_robocar_path2_pkg --record /home/projects/ros2_ws/src/ucsd_robocar_hub2/build/ucsd_robocar_path2_pkg/install.log --single-version-externally-managed
[3.468s] running egg_info
[3.470s] creating ../build/ucsd_robocar_path2_pkg/ucsd_robocar_path2_pkg.egg-info
[3.470s] writing ../build/ucsd_robocar_path2_pkg/ucsd_robocar_path2_pkg.egg-info/PKG-INFO
[3.471s] writing dependency_links to ../build/ucsd_robocar_path2_pkg/ucsd_robocar_path2_pkg.egg-info/dependency_links.txt
[3.472s] writing entry points to ../build/ucsd_robocar_path2_pkg/ucsd_robocar_path2_pkg.egg-info/entry_points.txt
[3.472s] writing requirements to ../build/ucsd_robocar_path2_pkg/ucsd_robocar_path2_pkg.egg-info/requires.txt
[3.472s] writing top-level names to ../build/ucsd_robocar_path2_pkg/ucsd_robocar_path2_pkg.egg-info/top_level.txt
[3.478s] writing manifest file '../build/ucsd_robocar_path2_pkg/ucsd_robocar_path2_pkg.egg-info/SOURCES.txt'
[3.571s] reading manifest file '../build/ucsd_robocar_path2_pkg/ucsd_robocar_path2_pkg.egg-info/SOURCES.txt'
[3.575s] writing manifest file '../build/ucsd_robocar_path2_pkg/ucsd_robocar_path2_pkg.egg-info/SOURCES.txt'
[3.576s] running build
[3.576s] running build_py
[3.576s] creating /home/projects/ros2_ws/src/ucsd_robocar_hub2/build/ucsd_robocar_path2_pkg/build
[3.576s] creating /home/projects/ros2_ws/src/ucsd_robocar_hub2/build/ucsd_robocar_path2_pkg/build/lib
[3.577s] creating /home/projects/ros2_ws/src/ucsd_robocar_hub2/build/ucsd_robocar_path2_pkg/build/lib/ucsd_robocar_path2_pkg
[3.577s] copying ucsd_robocar_path2_pkg/__init__.py -> /home/projects/ros2_ws/src/ucsd_robocar_hub2/build/ucsd_robocar_path2_pkg/build/lib/ucsd_robocar_path2_pkg
[3.578s] copying ucsd_robocar_path2_pkg/simple_obstacle_detection_node.py -> /home/projects/ros2_ws/src/ucsd_robocar_hub2/build/ucsd_robocar_path2_pkg/build/lib/ucsd_robocar_path2_pkg
[3.579s] running install
[3.582s] running install_lib
[3.585s] creating /home/projects/ros2_ws/src/ucsd_robocar_hub2/install/ucsd_robocar_path2_pkg/lib/python3.8/site-packages/ucsd_robocar_path2_pkg
[3.587s] copying /home/projects/ros2_ws/src/ucsd_robocar_hub2/build/ucsd_robocar_path2_pkg/build/lib/ucsd_robocar_path2_pkg/__init__.py -> /home/projects/ros2_ws/src/ucsd_robocar_hub2/install/ucsd_robocar_path2_pkg/lib/python3.8/site-packages/ucsd_robocar_path2_pkg
[3.587s] copying /home/projects/ros2_ws/src/ucsd_robocar_hub2/build/ucsd_robocar_path2_pkg/build/lib/ucsd_robocar_path2_pkg/simple_obstacle_detection_node.py -> /home/projects/ros2_ws/src/ucsd_robocar_hub2/install/ucsd_robocar_path2_pkg/lib/python3.8/site-packages/ucsd_robocar_path2_pkg
[3.589s] byte-compiling /home/projects/ros2_ws/src/ucsd_robocar_hub2/install/ucsd_robocar_path2_pkg/lib/python3.8/site-packages/ucsd_robocar_path2_pkg/__init__.py to __init__.cpython-38.pyc
[3.591s] byte-compiling /home/projects/ros2_ws/src/ucsd_robocar_hub2/install/ucsd_robocar_path2_pkg/lib/python3.8/site-packages/ucsd_robocar_path2_pkg/simple_obstacle_detection_node.py to simple_obstacle_detection_node.cpython-38.pyc
[3.593s] running install_data
[3.593s] creating /home/projects/ros2_ws/src/ucsd_robocar_hub2/install/ucsd_robocar_path2_pkg/share/ament_index
[3.593s] creating /home/projects/ros2_ws/src/ucsd_robocar_hub2/install/ucsd_robocar_path2_pkg/share/ament_index/resource_index
[3.593s] creating /home/projects/ros2_ws/src/ucsd_robocar_hub2/install/ucsd_robocar_path2_pkg/share/ament_index/resource_index/packages
[3.594s] copying resource/ucsd_robocar_path2_pkg -> /home/projects/ros2_ws/src/ucsd_robocar_hub2/install/ucsd_robocar_path2_pkg/share/ament_index/resource_index/packages
[3.594s] copying package.xml -> /home/projects/ros2_ws/src/ucsd_robocar_hub2/install/ucsd_robocar_path2_pkg/share/ucsd_robocar_path2_pkg
[3.594s] creating /home/projects/ros2_ws/src/ucsd_robocar_hub2/install/ucsd_robocar_path2_pkg/share/ucsd_robocar_path2_pkg/config
[3.595s] running install_egg_info
[3.596s] Copying ../build/ucsd_robocar_path2_pkg/ucsd_robocar_path2_pkg.egg-info to /home/projects/ros2_ws/src/ucsd_robocar_hub2/install/ucsd_robocar_path2_pkg/lib/python3.8/site-packages/ucsd_robocar_path2_pkg-0.0.0-py3.8.egg-info
[3.600s] running install_scripts
[3.652s] Installing simple_obstacle_detection_node script to /home/projects/ros2_ws/src/ucsd_robocar_hub2/install/ucsd_robocar_path2_pkg/lib/ucsd_robocar_path2_pkg
[3.653s] writing list of installed files to '/home/projects/ros2_ws/src/ucsd_robocar_hub2/build/ucsd_robocar_path2_pkg/install.log'
[3.793s] Invoked command in '/home/projects/ros2_ws/src/ucsd_robocar_hub2/ucsd_robocar_path2_pkg' returned '0': PYTHONPATH=/home/projects/ros2_ws/src/ucsd_robocar_hub2/install/ucsd_robocar_path2_pkg/lib/python3.8/site-packages:${PYTHONPATH} /usr/bin/python3 setup.py egg_info --egg-base ../build/ucsd_robocar_path2_pkg build --build-base /home/projects/ros2_ws/src/ucsd_robocar_hub2/build/ucsd_robocar_path2_pkg/build install --prefix /home/projects/ros2_ws/src/ucsd_robocar_hub2/install/ucsd_robocar_path2_pkg --record /home/projects/ros2_ws/src/ucsd_robocar_hub2/build/ucsd_robocar_path2_pkg/install.log --single-version-externally-managed
