[2.955s] Invoking command in '/home/projects/ros2_ws/src/ucsd_robocar_hub2/ucsd_robocar_actuator2_pkg': PYTHONPATH=/home/projects/ros2_ws/src/ucsd_robocar_hub2/install/ucsd_robocar_actuator2_pkg/lib/python3.8/site-packages:${PYTHONPATH} /usr/bin/python3 setup.py egg_info --egg-base ../build/ucsd_robocar_actuator2_pkg build --build-base /home/projects/ros2_ws/src/ucsd_robocar_hub2/build/ucsd_robocar_actuator2_pkg/build install --prefix /home/projects/ros2_ws/src/ucsd_robocar_hub2/install/ucsd_robocar_actuator2_pkg --record /home/projects/ros2_ws/src/ucsd_robocar_hub2/build/ucsd_robocar_actuator2_pkg/install.log --single-version-externally-managed
[3.499s] running egg_info
[3.501s] creating ../build/ucsd_robocar_actuator2_pkg/ucsd_robocar_actuator2_pkg.egg-info
[3.501s] writing ../build/ucsd_robocar_actuator2_pkg/ucsd_robocar_actuator2_pkg.egg-info/PKG-INFO
[3.502s] writing dependency_links to ../build/ucsd_robocar_actuator2_pkg/ucsd_robocar_actuator2_pkg.egg-info/dependency_links.txt
[3.503s] writing entry points to ../build/ucsd_robocar_actuator2_pkg/ucsd_robocar_actuator2_pkg.egg-info/entry_points.txt
[3.503s] writing requirements to ../build/ucsd_robocar_actuator2_pkg/ucsd_robocar_actuator2_pkg.egg-info/requires.txt
[3.503s] writing top-level names to ../build/ucsd_robocar_actuator2_pkg/ucsd_robocar_actuator2_pkg.egg-info/top_level.txt
[3.509s] writing manifest file '../build/ucsd_robocar_actuator2_pkg/ucsd_robocar_actuator2_pkg.egg-info/SOURCES.txt'
[3.601s] package init file 'ucsd_robocar_actuator2_pkg/vesc_submodule/__init__.py' not found (or not a regular file)
[3.602s] reading manifest file '../build/ucsd_robocar_actuator2_pkg/ucsd_robocar_actuator2_pkg.egg-info/SOURCES.txt'
[3.605s] writing manifest file '../build/ucsd_robocar_actuator2_pkg/ucsd_robocar_actuator2_pkg.egg-info/SOURCES.txt'
[3.605s] running build
[3.605s] running build_py
[3.606s] creating /home/projects/ros2_ws/src/ucsd_robocar_hub2/build/ucsd_robocar_actuator2_pkg/build
[3.606s] creating /home/projects/ros2_ws/src/ucsd_robocar_hub2/build/ucsd_robocar_actuator2_pkg/build/lib
[3.606s] creating /home/projects/ros2_ws/src/ucsd_robocar_hub2/build/ucsd_robocar_actuator2_pkg/build/lib/ucsd_robocar_actuator2_pkg
[3.607s] copying ucsd_robocar_actuator2_pkg/__init__.py -> /home/projects/ros2_ws/src/ucsd_robocar_hub2/build/ucsd_robocar_actuator2_pkg/build/lib/ucsd_robocar_actuator2_pkg
[3.607s] copying ucsd_robocar_actuator2_pkg/adafruit_throttle_node.py -> /home/projects/ros2_ws/src/ucsd_robocar_hub2/build/ucsd_robocar_actuator2_pkg/build/lib/ucsd_robocar_actuator2_pkg
[3.608s] copying ucsd_robocar_actuator2_pkg/adafruit_steering_node.py -> /home/projects/ros2_ws/src/ucsd_robocar_hub2/build/ucsd_robocar_actuator2_pkg/build/lib/ucsd_robocar_actuator2_pkg
[3.608s] copying ucsd_robocar_actuator2_pkg/vesc_11client.py -> /home/projects/ros2_ws/src/ucsd_robocar_hub2/build/ucsd_robocar_actuator2_pkg/build/lib/ucsd_robocar_actuator2_pkg
[3.608s] copying ucsd_robocar_actuator2_pkg/vesc_rpm_node.py -> /home/projects/ros2_ws/src/ucsd_robocar_hub2/build/ucsd_robocar_actuator2_pkg/build/lib/ucsd_robocar_actuator2_pkg
[3.609s] copying ucsd_robocar_actuator2_pkg/vesc_steering_node.py -> /home/projects/ros2_ws/src/ucsd_robocar_hub2/build/ucsd_robocar_actuator2_pkg/build/lib/ucsd_robocar_actuator2_pkg
[3.609s] copying ucsd_robocar_actuator2_pkg/adafruit_twist_node.py -> /home/projects/ros2_ws/src/ucsd_robocar_hub2/build/ucsd_robocar_actuator2_pkg/build/lib/ucsd_robocar_actuator2_pkg
[3.609s] copying ucsd_robocar_actuator2_pkg/vesc_twist_node.py -> /home/projects/ros2_ws/src/ucsd_robocar_hub2/build/ucsd_robocar_actuator2_pkg/build/lib/ucsd_robocar_actuator2_pkg
[3.609s] creating /home/projects/ros2_ws/src/ucsd_robocar_hub2/build/ucsd_robocar_actuator2_pkg/build/lib/ucsd_robocar_actuator2_pkg/vesc_submodule
[3.610s] copying ucsd_robocar_actuator2_pkg/vesc_submodule/vesc_client.py -> /home/projects/ros2_ws/src/ucsd_robocar_hub2/build/ucsd_robocar_actuator2_pkg/build/lib/ucsd_robocar_actuator2_pkg/vesc_submodule
[3.610s] running install
[3.612s] running install_lib
[3.615s] creating /home/projects/ros2_ws/src/ucsd_robocar_hub2/install/ucsd_robocar_actuator2_pkg/lib/python3.8/site-packages/ucsd_robocar_actuator2_pkg
[3.615s] copying /home/projects/ros2_ws/src/ucsd_robocar_hub2/build/ucsd_robocar_actuator2_pkg/build/lib/ucsd_robocar_actuator2_pkg/adafruit_twist_node.py -> /home/projects/ros2_ws/src/ucsd_robocar_hub2/install/ucsd_robocar_actuator2_pkg/lib/python3.8/site-packages/ucsd_robocar_actuator2_pkg
[3.616s] creating /home/projects/ros2_ws/src/ucsd_robocar_hub2/install/ucsd_robocar_actuator2_pkg/lib/python3.8/site-packages/ucsd_robocar_actuator2_pkg/vesc_submodule
[3.616s] copying /home/projects/ros2_ws/src/ucsd_robocar_hub2/build/ucsd_robocar_actuator2_pkg/build/lib/ucsd_robocar_actuator2_pkg/vesc_submodule/vesc_client.py -> /home/projects/ros2_ws/src/ucsd_robocar_hub2/install/ucsd_robocar_actuator2_pkg/lib/python3.8/site-packages/ucsd_robocar_actuator2_pkg/vesc_submodule
[3.617s] copying /home/projects/ros2_ws/src/ucsd_robocar_hub2/build/ucsd_robocar_actuator2_pkg/build/lib/ucsd_robocar_actuator2_pkg/__init__.py -> /home/projects/ros2_ws/src/ucsd_robocar_hub2/install/ucsd_robocar_actuator2_pkg/lib/python3.8/site-packages/ucsd_robocar_actuator2_pkg
[3.617s] copying /home/projects/ros2_ws/src/ucsd_robocar_hub2/build/ucsd_robocar_actuator2_pkg/build/lib/ucsd_robocar_actuator2_pkg/adafruit_throttle_node.py -> /home/projects/ros2_ws/src/ucsd_robocar_hub2/install/ucsd_robocar_actuator2_pkg/lib/python3.8/site-packages/ucsd_robocar_actuator2_pkg
[3.618s] copying /home/projects/ros2_ws/src/ucsd_robocar_hub2/build/ucsd_robocar_actuator2_pkg/build/lib/ucsd_robocar_actuator2_pkg/adafruit_steering_node.py -> /home/projects/ros2_ws/src/ucsd_robocar_hub2/install/ucsd_robocar_actuator2_pkg/lib/python3.8/site-packages/ucsd_robocar_actuator2_pkg
[3.618s] copying /home/projects/ros2_ws/src/ucsd_robocar_hub2/build/ucsd_robocar_actuator2_pkg/build/lib/ucsd_robocar_actuator2_pkg/vesc_11client.py -> /home/projects/ros2_ws/src/ucsd_robocar_hub2/install/ucsd_robocar_actuator2_pkg/lib/python3.8/site-packages/ucsd_robocar_actuator2_pkg
[3.618s] copying /home/projects/ros2_ws/src/ucsd_robocar_hub2/build/ucsd_robocar_actuator2_pkg/build/lib/ucsd_robocar_actuator2_pkg/vesc_twist_node.py -> /home/projects/ros2_ws/src/ucsd_robocar_hub2/install/ucsd_robocar_actuator2_pkg/lib/python3.8/site-packages/ucsd_robocar_actuator2_pkg
[3.618s] copying /home/projects/ros2_ws/src/ucsd_robocar_hub2/build/ucsd_robocar_actuator2_pkg/build/lib/ucsd_robocar_actuator2_pkg/vesc_rpm_node.py -> /home/projects/ros2_ws/src/ucsd_robocar_hub2/install/ucsd_robocar_actuator2_pkg/lib/python3.8/site-packages/ucsd_robocar_actuator2_pkg
[3.619s] copying /home/projects/ros2_ws/src/ucsd_robocar_hub2/build/ucsd_robocar_actuator2_pkg/build/lib/ucsd_robocar_actuator2_pkg/vesc_steering_node.py -> /home/projects/ros2_ws/src/ucsd_robocar_hub2/install/ucsd_robocar_actuator2_pkg/lib/python3.8/site-packages/ucsd_robocar_actuator2_pkg
[3.620s] byte-compiling /home/projects/ros2_ws/src/ucsd_robocar_hub2/install/ucsd_robocar_actuator2_pkg/lib/python3.8/site-packages/ucsd_robocar_actuator2_pkg/adafruit_twist_node.py to adafruit_twist_node.cpython-38.pyc
[3.624s] byte-compiling /home/projects/ros2_ws/src/ucsd_robocar_hub2/install/ucsd_robocar_actuator2_pkg/lib/python3.8/site-packages/ucsd_robocar_actuator2_pkg/vesc_submodule/vesc_client.py to vesc_client.cpython-38.pyc
[3.625s] byte-compiling /home/projects/ros2_ws/src/ucsd_robocar_hub2/install/ucsd_robocar_actuator2_pkg/lib/python3.8/site-packages/ucsd_robocar_actuator2_pkg/__init__.py to __init__.cpython-38.pyc
[3.626s] byte-compiling /home/projects/ros2_ws/src/ucsd_robocar_hub2/install/ucsd_robocar_actuator2_pkg/lib/python3.8/site-packages/ucsd_robocar_actuator2_pkg/adafruit_throttle_node.py to adafruit_throttle_node.cpython-38.pyc
[3.627s] byte-compiling /home/projects/ros2_ws/src/ucsd_robocar_hub2/install/ucsd_robocar_actuator2_pkg/lib/python3.8/site-packages/ucsd_robocar_actuator2_pkg/adafruit_steering_node.py to adafruit_steering_node.cpython-38.pyc
[3.628s] byte-compiling /home/projects/ros2_ws/src/ucsd_robocar_hub2/install/ucsd_robocar_actuator2_pkg/lib/python3.8/site-packages/ucsd_robocar_actuator2_pkg/vesc_11client.py to vesc_11client.cpython-38.pyc
[3.629s] byte-compiling /home/projects/ros2_ws/src/ucsd_robocar_hub2/install/ucsd_robocar_actuator2_pkg/lib/python3.8/site-packages/ucsd_robocar_actuator2_pkg/vesc_twist_node.py to vesc_twist_node.cpython-38.pyc
[3.631s] byte-compiling /home/projects/ros2_ws/src/ucsd_robocar_hub2/install/ucsd_robocar_actuator2_pkg/lib/python3.8/site-packages/ucsd_robocar_actuator2_pkg/vesc_rpm_node.py to vesc_rpm_node.cpython-38.pyc
[3.632s] byte-compiling /home/projects/ros2_ws/src/ucsd_robocar_hub2/install/ucsd_robocar_actuator2_pkg/lib/python3.8/site-packages/ucsd_robocar_actuator2_pkg/vesc_steering_node.py to vesc_steering_node.cpython-38.pyc
[3.633s] running install_data
[3.634s] creating /home/projects/ros2_ws/src/ucsd_robocar_hub2/install/ucsd_robocar_actuator2_pkg/share/ament_index
[3.634s] creating /home/projects/ros2_ws/src/ucsd_robocar_hub2/install/ucsd_robocar_actuator2_pkg/share/ament_index/resource_index
[3.635s] creating /home/projects/ros2_ws/src/ucsd_robocar_hub2/install/ucsd_robocar_actuator2_pkg/share/ament_index/resource_index/packages
[3.635s] copying resource/ucsd_robocar_actuator2_pkg -> /home/projects/ros2_ws/src/ucsd_robocar_hub2/install/ucsd_robocar_actuator2_pkg/share/ament_index/resource_index/packages
[3.636s] copying package.xml -> /home/projects/ros2_ws/src/ucsd_robocar_hub2/install/ucsd_robocar_actuator2_pkg/share/ucsd_robocar_actuator2_pkg
[3.636s] copying launch/vesc.launch.py -> /home/projects/ros2_ws/src/ucsd_robocar_hub2/install/ucsd_robocar_actuator2_pkg/share/ucsd_robocar_actuator2_pkg
[3.636s] copying launch/adafruit.launch.py -> /home/projects/ros2_ws/src/ucsd_robocar_hub2/install/ucsd_robocar_actuator2_pkg/share/ucsd_robocar_actuator2_pkg
[3.637s] copying launch/adafruit_steering.launch.py -> /home/projects/ros2_ws/src/ucsd_robocar_hub2/install/ucsd_robocar_actuator2_pkg/share/ucsd_robocar_actuator2_pkg
[3.637s] copying launch/adafruit_throttle.launch.py -> /home/projects/ros2_ws/src/ucsd_robocar_hub2/install/ucsd_robocar_actuator2_pkg/share/ucsd_robocar_actuator2_pkg
[3.637s] copying launch/vesc_steering.launch.py -> /home/projects/ros2_ws/src/ucsd_robocar_hub2/install/ucsd_robocar_actuator2_pkg/share/ucsd_robocar_actuator2_pkg
[3.638s] copying launch/vesc_throttle.launch.py -> /home/projects/ros2_ws/src/ucsd_robocar_hub2/install/ucsd_robocar_actuator2_pkg/share/ucsd_robocar_actuator2_pkg
[3.638s] creating /home/projects/ros2_ws/src/ucsd_robocar_hub2/install/ucsd_robocar_actuator2_pkg/share/ucsd_robocar_actuator2_pkg/config
[3.638s] copying config/config.yaml -> /home/projects/ros2_ws/src/ucsd_robocar_hub2/install/ucsd_robocar_actuator2_pkg/share/ucsd_robocar_actuator2_pkg/config
[3.638s] running install_egg_info
[3.642s] Copying ../build/ucsd_robocar_actuator2_pkg/ucsd_robocar_actuator2_pkg.egg-info to /home/projects/ros2_ws/src/ucsd_robocar_hub2/install/ucsd_robocar_actuator2_pkg/lib/python3.8/site-packages/ucsd_robocar_actuator2_pkg-0.0.0-py3.8.egg-info
[3.645s] running install_scripts
[3.696s] Installing adafruit_steering_node script to /home/projects/ros2_ws/src/ucsd_robocar_hub2/install/ucsd_robocar_actuator2_pkg/lib/ucsd_robocar_actuator2_pkg
[3.697s] Installing adafruit_throttle_node script to /home/projects/ros2_ws/src/ucsd_robocar_hub2/install/ucsd_robocar_actuator2_pkg/lib/ucsd_robocar_actuator2_pkg
[3.697s] Installing vesc_rpm_node script to /home/projects/ros2_ws/src/ucsd_robocar_hub2/install/ucsd_robocar_actuator2_pkg/lib/ucsd_robocar_actuator2_pkg
[3.697s] Installing vesc_steering_node script to /home/projects/ros2_ws/src/ucsd_robocar_hub2/install/ucsd_robocar_actuator2_pkg/lib/ucsd_robocar_actuator2_pkg
[3.698s] Installing vesc_twist_node script to /home/projects/ros2_ws/src/ucsd_robocar_hub2/install/ucsd_robocar_actuator2_pkg/lib/ucsd_robocar_actuator2_pkg
[3.699s] writing list of installed files to '/home/projects/ros2_ws/src/ucsd_robocar_hub2/build/ucsd_robocar_actuator2_pkg/install.log'
[3.785s] Invoked command in '/home/projects/ros2_ws/src/ucsd_robocar_hub2/ucsd_robocar_actuator2_pkg' returned '0': PYTHONPATH=/home/projects/ros2_ws/src/ucsd_robocar_hub2/install/ucsd_robocar_actuator2_pkg/lib/python3.8/site-packages:${PYTHONPATH} /usr/bin/python3 setup.py egg_info --egg-base ../build/ucsd_robocar_actuator2_pkg build --build-base /home/projects/ros2_ws/src/ucsd_robocar_hub2/build/ucsd_robocar_actuator2_pkg/build install --prefix /home/projects/ros2_ws/src/ucsd_robocar_hub2/install/ucsd_robocar_actuator2_pkg --record /home/projects/ros2_ws/src/ucsd_robocar_hub2/build/ucsd_robocar_actuator2_pkg/install.log --single-version-externally-managed
