[2.932s] Invoking command in '/home/projects/ros2_ws/src/ucsd_robocar_hub2/ucsd_robocar_nav2_pkg': PYTHONPATH=/home/projects/ros2_ws/src/ucsd_robocar_hub2/install/ucsd_robocar_nav2_pkg/lib/python3.8/site-packages:${PYTHONPATH} /usr/bin/python3 setup.py egg_info --egg-base ../build/ucsd_robocar_nav2_pkg build --build-base /home/projects/ros2_ws/src/ucsd_robocar_hub2/build/ucsd_robocar_nav2_pkg/build install --prefix /home/projects/ros2_ws/src/ucsd_robocar_hub2/install/ucsd_robocar_nav2_pkg --record /home/projects/ros2_ws/src/ucsd_robocar_hub2/build/ucsd_robocar_nav2_pkg/install.log --single-version-externally-managed
[3.477s] running egg_info
[3.480s] creating ../build/ucsd_robocar_nav2_pkg/ucsd_robocar_nav2_pkg.egg-info
[3.480s] writing ../build/ucsd_robocar_nav2_pkg/ucsd_robocar_nav2_pkg.egg-info/PKG-INFO
[3.481s] writing dependency_links to ../build/ucsd_robocar_nav2_pkg/ucsd_robocar_nav2_pkg.egg-info/dependency_links.txt
[3.481s] writing entry points to ../build/ucsd_robocar_nav2_pkg/ucsd_robocar_nav2_pkg.egg-info/entry_points.txt
[3.482s] writing requirements to ../build/ucsd_robocar_nav2_pkg/ucsd_robocar_nav2_pkg.egg-info/requires.txt
[3.482s] writing top-level names to ../build/ucsd_robocar_nav2_pkg/ucsd_robocar_nav2_pkg.egg-info/top_level.txt
[3.490s] writing manifest file '../build/ucsd_robocar_nav2_pkg/ucsd_robocar_nav2_pkg.egg-info/SOURCES.txt'
[3.584s] reading manifest file '../build/ucsd_robocar_nav2_pkg/ucsd_robocar_nav2_pkg.egg-info/SOURCES.txt'
[3.586s] writing manifest file '../build/ucsd_robocar_nav2_pkg/ucsd_robocar_nav2_pkg.egg-info/SOURCES.txt'
[3.586s] running build
[3.586s] running build_py
[3.587s] creating /home/projects/ros2_ws/src/ucsd_robocar_hub2/build/ucsd_robocar_nav2_pkg/build
[3.587s] creating /home/projects/ros2_ws/src/ucsd_robocar_hub2/build/ucsd_robocar_nav2_pkg/build/lib
[3.587s] creating /home/projects/ros2_ws/src/ucsd_robocar_hub2/build/ucsd_robocar_nav2_pkg/build/lib/ucsd_robocar_nav2_pkg
[3.588s] copying ucsd_robocar_nav2_pkg/__init__.py -> /home/projects/ros2_ws/src/ucsd_robocar_hub2/build/ucsd_robocar_nav2_pkg/build/lib/ucsd_robocar_nav2_pkg
[3.588s] running install
[3.590s] running install_lib
[3.593s] creating /home/projects/ros2_ws/src/ucsd_robocar_hub2/install/ucsd_robocar_nav2_pkg/lib/python3.8/site-packages/ucsd_robocar_nav2_pkg
[3.593s] copying /home/projects/ros2_ws/src/ucsd_robocar_hub2/build/ucsd_robocar_nav2_pkg/build/lib/ucsd_robocar_nav2_pkg/__init__.py -> /home/projects/ros2_ws/src/ucsd_robocar_hub2/install/ucsd_robocar_nav2_pkg/lib/python3.8/site-packages/ucsd_robocar_nav2_pkg
[3.594s] byte-compiling /home/projects/ros2_ws/src/ucsd_robocar_hub2/install/ucsd_robocar_nav2_pkg/lib/python3.8/site-packages/ucsd_robocar_nav2_pkg/__init__.py to __init__.cpython-38.pyc
[3.600s] running install_data
[3.603s] creating /home/projects/ros2_ws/src/ucsd_robocar_hub2/install/ucsd_robocar_nav2_pkg/share/ament_index
[3.603s] creating /home/projects/ros2_ws/src/ucsd_robocar_hub2/install/ucsd_robocar_nav2_pkg/share/ament_index/resource_index
[3.604s] creating /home/projects/ros2_ws/src/ucsd_robocar_hub2/install/ucsd_robocar_nav2_pkg/share/ament_index/resource_index/packages
[3.604s] copying resource/ucsd_robocar_nav2_pkg -> /home/projects/ros2_ws/src/ucsd_robocar_hub2/install/ucsd_robocar_nav2_pkg/share/ament_index/resource_index/packages
[3.605s] copying package.xml -> /home/projects/ros2_ws/src/ucsd_robocar_hub2/install/ucsd_robocar_nav2_pkg/share/ucsd_robocar_nav2_pkg
[3.605s] copying launch/camera_nav_calibration.launch.py -> /home/projects/ros2_ws/src/ucsd_robocar_hub2/install/ucsd_robocar_nav2_pkg/share/ucsd_robocar_nav2_pkg
[3.606s] copying launch/camera_nav.launch.py -> /home/projects/ros2_ws/src/ucsd_robocar_hub2/install/ucsd_robocar_nav2_pkg/share/ucsd_robocar_nav2_pkg
[3.606s] copying launch/all_components.launch.py -> /home/projects/ros2_ws/src/ucsd_robocar_hub2/install/ucsd_robocar_nav2_pkg/share/ucsd_robocar_nav2_pkg
[3.607s] copying launch/teleop_launch.launch.py -> /home/projects/ros2_ws/src/ucsd_robocar_hub2/install/ucsd_robocar_nav2_pkg/share/ucsd_robocar_nav2_pkg
[3.608s] copying config/car_config.yaml -> /home/projects/ros2_ws/src/ucsd_robocar_hub2/install/ucsd_robocar_nav2_pkg/share/ucsd_robocar_nav2_pkg
[3.608s] copying config/pkg_locations_manufacture.yaml -> /home/projects/ros2_ws/src/ucsd_robocar_hub2/install/ucsd_robocar_nav2_pkg/share/ucsd_robocar_nav2_pkg
[3.609s] copying config/pkg_locations_ucsd.yaml -> /home/projects/ros2_ws/src/ucsd_robocar_hub2/install/ucsd_robocar_nav2_pkg/share/ucsd_robocar_nav2_pkg
[3.609s] copying config/joy_teleop.yaml -> /home/projects/ros2_ws/src/ucsd_robocar_hub2/install/ucsd_robocar_nav2_pkg/share/ucsd_robocar_nav2_pkg
[3.609s] running install_egg_info
[3.615s] Copying ../build/ucsd_robocar_nav2_pkg/ucsd_robocar_nav2_pkg.egg-info to /home/projects/ros2_ws/src/ucsd_robocar_hub2/install/ucsd_robocar_nav2_pkg/lib/python3.8/site-packages/ucsd_robocar_nav2_pkg-0.0.0-py3.8.egg-info
[3.615s] running install_scripts
[3.665s] writing list of installed files to '/home/projects/ros2_ws/src/ucsd_robocar_hub2/build/ucsd_robocar_nav2_pkg/install.log'
[3.798s] Invoked command in '/home/projects/ros2_ws/src/ucsd_robocar_hub2/ucsd_robocar_nav2_pkg' returned '0': PYTHONPATH=/home/projects/ros2_ws/src/ucsd_robocar_hub2/install/ucsd_robocar_nav2_pkg/lib/python3.8/site-packages:${PYTHONPATH} /usr/bin/python3 setup.py egg_info --egg-base ../build/ucsd_robocar_nav2_pkg build --build-base /home/projects/ros2_ws/src/ucsd_robocar_hub2/build/ucsd_robocar_nav2_pkg/build install --prefix /home/projects/ros2_ws/src/ucsd_robocar_hub2/install/ucsd_robocar_nav2_pkg --record /home/projects/ros2_ws/src/ucsd_robocar_hub2/build/ucsd_robocar_nav2_pkg/install.log --single-version-externally-managed
